[    0.000000] Linux version 4.15.0-129-generic (buildd@lcy01-amd64-017) (gcc version 7.5.0 (Ubuntu 7.5.0-3ubuntu1~18.04)) #132-Ubuntu SMP Thu Dec 10 14:02:26 UTC 2020 (Ubuntu 4.15.0-129.132-generic 4.15.18)
[    0.000000] Command line: BOOT_IMAGE=/boot/vmlinuz-4.15.0-129-generic root=LABEL=cloudimg-rootfs ro console=tty1 console=ttyS0
[    0.000000] KERNEL supported cpus:
[    0.000000]   Intel GenuineIntel
[    0.000000]   AMD AuthenticAMD
[    0.000000]   Centaur CentaurHauls
[    0.000000] x86/fpu: x87 FPU will use FXSAVE
[    0.000000] e820: BIOS-provided physical RAM map:
[    0.000000] BIOS-e820: [mem 0x0000000000000000-0x000000000009fbff] usable
[    0.000000] BIOS-e820: [mem 0x000000000009fc00-0x000000000009ffff] reserved
[    0.000000] BIOS-e820: [mem 0x00000000000f0000-0x00000000000fffff] reserved
[    0.000000] BIOS-e820: [mem 0x0000000000100000-0x000000001ffeffff] usable
[    0.000000] BIOS-e820: [mem 0x000000001fff0000-0x000000001fffffff] ACPI data
[    0.000000] BIOS-e820: [mem 0x00000000fec00000-0x00000000fec00fff] reserved
[    0.000000] BIOS-e820: [mem 0x00000000fee00000-0x00000000fee00fff] reserved
[    0.000000] BIOS-e820: [mem 0x00000000fffc0000-0x00000000ffffffff] reserved
[    0.000000] NX (Execute Disable) protection: active
[    0.000000] SMBIOS 2.5 present.
[    0.000000] DMI: innotek GmbH VirtualBox/VirtualBox, BIOS VirtualBox 12/01/2006
[    0.000000] Hypervisor detected: KVM
[    0.000000] e820: last_pfn = 0x1fff0 max_arch_pfn = 0x400000000
[    0.000000] MTRR: Disabled
[    0.000000] x86/PAT: MTRRs disabled, skipping PAT initialization too.
[    0.000000] CPU MTRRs all blank - virtualized system.
[    0.000000] x86/PAT: Configuration [0-7]: WB  WT  UC- UC  WB  WT  UC- UC  
[    0.000000] found SMP MP-table at [mem 0x0009fff0-0x0009ffff]
[    0.000000] Scanning 1 areas for low memory corruption
[    0.000000] RAMDISK: [mem 0x1db2d000-0x1edf0fff]
[    0.000000] ACPI: Early table checksum verification disabled
[    0.000000] ACPI: RSDP 0x00000000000E0000 000024 (v02 VBOX  )
[    0.000000] ACPI: XSDT 0x000000001FFF0030 00003C (v01 VBOX   VBOXXSDT 00000001 ASL  00000061)
[    0.000000] ACPI: FACP 0x000000001FFF00F0 0000F4 (v04 VBOX   VBOXFACP 00000001 ASL  00000061)
[    0.000000] ACPI: DSDT 0x000000001FFF0470 002325 (v02 VBOX   VBOXBIOS 00000002 INTL 20100528)
[    0.000000] ACPI: FACS 0x000000001FFF0200 000040
[    0.000000] ACPI: FACS 0x000000001FFF0200 000040
[    0.000000] ACPI: APIC 0x000000001FFF0240 000054 (v02 VBOX   VBOXAPIC 00000001 ASL  00000061)
[    0.000000] ACPI: SSDT 0x000000001FFF02A0 0001CC (v01 VBOX   VBOXCPUT 00000002 INTL 20100528)
[    0.000000] No NUMA configuration found
[    0.000000] Faking a node at [mem 0x0000000000000000-0x000000001ffeffff]
[    0.000000] NODE_DATA(0) allocated [mem 0x1ffc5000-0x1ffeffff]
[    0.000000] kvm-clock: cpu 0, msr 0:1ff44001, primary cpu clock
[    0.000000] kvm-clock: Using msrs 4b564d01 and 4b564d00
[    0.000000] kvm-clock: using sched offset of 4800024305 cycles
[    0.000000] clocksource: kvm-clock: mask: 0xffffffffffffffff max_cycles: 0x1cd42e4dffb, max_idle_ns: 881590591483 ns
[    0.000000] Zone ranges:
[    0.000000]   DMA      [mem 0x0000000000001000-0x0000000000ffffff]
[    0.000000]   DMA32    [mem 0x0000000001000000-0x000000001ffeffff]
[    0.000000]   Normal   empty
[    0.000000]   Device   empty
[    0.000000] Movable zone start for each node
[    0.000000] Early memory node ranges
[    0.000000]   node   0: [mem 0x0000000000001000-0x000000000009efff]
[    0.000000]   node   0: [mem 0x0000000000100000-0x000000001ffeffff]
[    0.000000] Reserved but unavailable: 98 pages
[    0.000000] Initmem setup node 0 [mem 0x0000000000001000-0x000000001ffeffff]
[    0.000000] ACPI: PM-Timer IO Port: 0x4008
[    0.000000] IOAPIC[0]: apic_id 1, version 32, address 0xfec00000, GSI 0-23
[    0.000000] ACPI: INT_SRC_OVR (bus 0 bus_irq 0 global_irq 2 dfl dfl)
[    0.000000] ACPI: INT_SRC_OVR (bus 0 bus_irq 9 global_irq 9 low level)
[    0.000000] Using ACPI (MADT) for SMP configuration information
[    0.000000] smpboot: Allowing 1 CPUs, 0 hotplug CPUs
[    0.000000] PM: Registered nosave memory: [mem 0x00000000-0x00000fff]
[    0.000000] PM: Registered nosave memory: [mem 0x0009f000-0x0009ffff]
[    0.000000] PM: Registered nosave memory: [mem 0x000a0000-0x000effff]
[    0.000000] PM: Registered nosave memory: [mem 0x000f0000-0x000fffff]
[    0.000000] e820: [mem 0x20000000-0xfebfffff] available for PCI devices
[    0.000000] Booting paravirtualized kernel on KVM
[    0.000000] clocksource: refined-jiffies: mask: 0xffffffff max_cycles: 0xffffffff, max_idle_ns: 7645519600211568 ns
[    0.000000] random: get_random_bytes called from start_kernel+0x99/0x500 with crng_init=0
[    0.000000] setup_percpu: NR_CPUS:8192 nr_cpumask_bits:1 nr_cpu_ids:1 nr_node_ids:1
[    0.000000] percpu: Embedded 45 pages/cpu s147456 r8192 d28672 u2097152
[    0.000000] PV qspinlock hash table entries: 256 (order: 0, 4096 bytes)
[    0.000000] Built 1 zonelists, mobility grouping on.  Total pages: 128889
[    0.000000] Policy zone: DMA32
[    0.000000] Kernel command line: BOOT_IMAGE=/boot/vmlinuz-4.15.0-129-generic root=LABEL=cloudimg-rootfs ro console=tty1 console=ttyS0
[    0.000000] Memory: 467112K/523832K available (12300K kernel code, 2482K rwdata, 4276K rodata, 2440K init, 2724K bss, 56720K reserved, 0K cma-reserved)
[    0.000000] SLUB: HWalign=64, Order=0-3, MinObjects=0, CPUs=1, Nodes=1
[    0.000000] Kernel/User page tables isolation: enabled
[    0.000000] ftrace: allocating 39421 entries in 154 pages
[    0.004000] Hierarchical RCU implementation.
[    0.004000] 	RCU restricting CPUs from NR_CPUS=8192 to nr_cpu_ids=1.
[    0.004000] 	Tasks RCU enabled.
[    0.004000] RCU: Adjusting geometry for rcu_fanout_leaf=16, nr_cpu_ids=1
[    0.004000] NR_IRQS: 524544, nr_irqs: 256, preallocated irqs: 16
[    0.004000] Console: colour VGA+ 80x25
[    0.004000] console [tty1] enabled
[    0.004000] console [ttyS0] enabled
[    0.004000] ACPI: Core revision 20170831
[    0.004000] ACPI: 2 ACPI AML tables successfully acquired and loaded
[    0.004000] APIC: Switch to symmetric I/O mode setup
[    0.004000] ..TIMER: vector=0x30 apic1=0 pin1=2 apic2=-1 pin2=-1
[    0.004004] tsc: Detected 2111.998 MHz processor
[    0.008007] Calibrating delay loop (skipped) preset value.. 4223.99 BogoMIPS (lpj=8447992)
[    0.012002] pid_max: default: 32768 minimum: 301
[    0.016022] Security Framework initialized
[    0.020003] Yama: becoming mindful.
[    0.022713] AppArmor: AppArmor initialized
[    0.024116] Dentry cache hash table entries: 65536 (order: 7, 524288 bytes)
[    0.028031] Inode-cache hash table entries: 32768 (order: 6, 262144 bytes)
[    0.032010] Mount-cache hash table entries: 1024 (order: 1, 8192 bytes)
[    0.036004] Mountpoint-cache hash table entries: 1024 (order: 1, 8192 bytes)
[    0.040891] Last level iTLB entries: 4KB 64, 2MB 8, 4MB 8
[    0.044002] Last level dTLB entries: 4KB 64, 2MB 0, 4MB 0, 1GB 4
[    0.048003] Spectre V1 : Mitigation: usercopy/swapgs barriers and __user pointer sanitization
[    0.052002] Spectre V2 : Mitigation: Full generic retpoline
[    0.056002] Spectre V2 : Spectre v2 / SpectreRSB mitigation: Filling RSB on context switch
[    0.060002] Speculative Store Bypass: Vulnerable
[    0.063255] MDS: Vulnerable: Clear CPU buffers attempted, no microcode
[    0.072000] Freeing SMP alternatives memory: 36K
[    0.180003] APIC calibration not consistent with PM-Timer: 98ms instead of 100ms
[    0.184000] APIC delta adjusted to PM-Timer: 6279790 (6204564)
[    0.184373] smpboot: CPU0: Intel(R) Core(TM) i7-8650U CPU @ 1.90GHz (family: 0x6, model: 0x8e, stepping: 0xa)
[    0.188068] Performance Events: unsupported p6 CPU model 142 no PMU driver, software events only.
[    0.192029] Hierarchical SRCU implementation.
[    0.196441] NMI watchdog: Perf event create on CPU 0 failed with -2
[    0.200002] NMI watchdog: Perf NMI watchdog permanently disabled
[    0.204029] smp: Bringing up secondary CPUs ...
[    0.207457] smp: Brought up 1 node, 1 CPU
[    0.212003] smpboot: Max logical packages: 1
[    0.215295] smpboot: Total of 1 processors activated (4223.99 BogoMIPS)
[    0.216090] devtmpfs: initialized
[    0.220045] x86/mm: Memory block size: 128MB
[    0.223587] evm: security.selinux
[    0.224003] evm: security.SMACK64
[    0.228002] evm: security.SMACK64EXEC
[    0.232002] evm: security.SMACK64TRANSMUTE
[    0.236002] evm: security.SMACK64MMAP
[    0.240002] evm: security.apparmor
[    0.242376] evm: security.ima
[    0.244002] evm: security.capability
[    0.246606] clocksource: jiffies: mask: 0xffffffff max_cycles: 0xffffffff, max_idle_ns: 7645041785100000 ns
[    0.248009] futex hash table entries: 256 (order: 2, 16384 bytes)
[    0.252032] pinctrl core: initialized pinctrl subsystem
[    0.255619] RTC time: 22:59:14, date: 01/11/21
[    0.260149] NET: Registered protocol family 16
[    0.264098] audit: initializing netlink subsys (disabled)
[    0.268137] cpuidle: using governor ladder
[    0.270996] cpuidle: using governor menu
[    0.272007] audit: type=2000 audit(1610405960.169:1): state=initialized audit_enabled=0 res=1
[    0.276035] ACPI: bus type PCI registered
[    0.280003] acpiphp: ACPI Hot Plug PCI Controller Driver version: 0.5
[    0.284192] PCI: Using configuration type 1 for base access
[    0.288975] HugeTLB registered 2.00 MiB page size, pre-allocated 0 pages
[    0.292118] ACPI: Added _OSI(Module Device)
[    0.296003] ACPI: Added _OSI(Processor Device)
[    0.300002] ACPI: Added _OSI(3.0 _SCP Extensions)
[    0.304016] ACPI: Added _OSI(Processor Aggregator Device)
[    0.308007] ACPI: Added _OSI(Linux-Dell-Video)
[    0.312012] ACPI: Added _OSI(Linux-Lenovo-NV-HDMI-Audio)
[    0.316002] ACPI: Added _OSI(Linux-HPI-Hybrid-Graphics)
[    0.320574] ACPI: Executed 1 blocks of module-level executable AML code
[    0.326848] ACPI: Interpreter enabled
[    0.328010] ACPI: (supports S0 S5)
[    0.332002] ACPI: Using IOAPIC for interrupt routing
[    0.336324] PCI: Using host bridge windows from ACPI; if necessary, use "pci=nocrs" and report a bug
[    0.340188] ACPI: Enabled 2 GPEs in block 00 to 07
[    0.353680] ACPI: PCI Root Bridge [PCI0] (domain 0000 [bus 00-ff])
[    0.356006] acpi PNP0A03:00: _OSC: OS supports [ASPM ClockPM Segments MSI]
[    0.360618] acpi PNP0A03:00: _OSC: not requesting OS control; OS requires [ExtendedConfig ASPM ClockPM MSI]
[    0.364010] acpi PNP0A03:00: fail to add MMCONFIG information, can't access extended PCI configuration space under this bridge.
[    0.368510] PCI host bridge to bus 0000:00
[    0.371520] pci_bus 0000:00: root bus resource [io  0x0000-0x0cf7 window]
[    0.372011] pci_bus 0000:00: root bus resource [io  0x0d00-0xffff window]
[    0.376007] pci_bus 0000:00: root bus resource [mem 0x000a0000-0x000bffff window]
[    0.380009] pci_bus 0000:00: root bus resource [mem 0x20000000-0xfdffffff window]
[    0.384007] pci_bus 0000:00: root bus resource [bus 00-ff]
[    0.394190] pci 0000:00:01.1: legacy IDE quirk: reg 0x10: [io  0x01f0-0x01f7]
[    0.396005] pci 0000:00:01.1: legacy IDE quirk: reg 0x14: [io  0x03f6]
[    0.400004] pci 0000:00:01.1: legacy IDE quirk: reg 0x18: [io  0x0170-0x0177]
[    0.404007] pci 0000:00:01.1: legacy IDE quirk: reg 0x1c: [io  0x0376]
[    0.472616] pci 0000:00:07.0: quirk: [io  0x4000-0x403f] claimed by PIIX4 ACPI
[    0.476019] pci 0000:00:07.0: quirk: [io  0x4100-0x410f] claimed by PIIX4 SMB
[    0.489303] ACPI: PCI Interrupt Link [LNKA] (IRQs 5 9 10 *11)
[    0.492380] ACPI: PCI Interrupt Link [LNKB] (IRQs 5 9 *10 11)
[    0.500124] ACPI: PCI Interrupt Link [LNKC] (IRQs 5 *9 10 11)
[    0.504150] ACPI: PCI Interrupt Link [LNKD] (IRQs 5 9 10 *11)
[    0.508438] SCSI subsystem initialized
[    0.512084] pci 0000:00:02.0: vgaarb: setting as boot VGA device
[    0.516000] pci 0000:00:02.0: vgaarb: VGA device added: decodes=io+mem,owns=io+mem,locks=none
[    0.516004] pci 0000:00:02.0: vgaarb: bridge control possible
[    0.520002] vgaarb: loaded
[    0.524024] ACPI: bus type USB registered
[    0.528018] usbcore: registered new interface driver usbfs
[    0.532010] usbcore: registered new interface driver hub
[    0.536012] usbcore: registered new device driver usb
[    0.540048] EDAC MC: Ver: 3.0.0
[    0.544381] PCI: Using ACPI for IRQ routing
[    0.548414] NetLabel: Initializing
[    0.552002] NetLabel:  domain hash size = 128
[    0.556002] NetLabel:  protocols = UNLABELED CIPSOv4 CALIPSO
[    0.560016] NetLabel:  unlabeled traffic allowed by default
[    0.564084] clocksource: Switched to clocksource kvm-clock
[    0.603044] VFS: Disk quotas dquot_6.6.0
[    0.605505] VFS: Dquot-cache hash table entries: 512 (order 0, 4096 bytes)
[    0.609788] AppArmor: AppArmor Filesystem Enabled
[    0.612580] pnp: PnP ACPI init
[    0.615477] pnp: PnP ACPI: found 3 devices
[    0.625454] clocksource: acpi_pm: mask: 0xffffff max_cycles: 0xffffff, max_idle_ns: 2085701024 ns
[    0.630592] NET: Registered protocol family 2
[    0.633513] TCP established hash table entries: 4096 (order: 3, 32768 bytes)
[    0.637664] TCP bind hash table entries: 4096 (order: 4, 65536 bytes)
[    0.641713] TCP: Hash tables configured (established 4096 bind 4096)
[    0.645648] UDP hash table entries: 256 (order: 1, 8192 bytes)
[    0.649126] UDP-Lite hash table entries: 256 (order: 1, 8192 bytes)
[    0.652946] NET: Registered protocol family 1
[    0.655929] pci 0000:00:00.0: Limiting direct PCI/PCI transfers
[    0.661145] pci 0000:00:01.0: Activating ISA DMA hang workarounds
[    0.665385] pci 0000:00:02.0: Video device with shadowed ROM at [mem 0x000c0000-0x000dffff]
[    0.671894] Unpacking initramfs...
[    1.132025] Freeing initrd memory: 19216K
[    1.137238] clocksource: tsc: mask: 0xffffffffffffffff max_cycles: 0x1e71768ef8b, max_idle_ns: 440795218977 ns
[    1.143700] platform rtc_cmos: registered platform RTC device (no PNP device found)
[    1.152484] Scanning for low memory corruption every 60 seconds
[    1.157126] Initialise system trusted keyrings
[    1.160612] Key type blacklist registered
[    1.163932] workingset: timestamp_bits=36 max_order=17 bucket_order=0
[    1.171559] zbud: loaded
[    1.174693] squashfs: version 4.0 (2009/01/31) Phillip Lougher
[    1.179829] fuse init (API version 7.26)
[    1.185380] Key type asymmetric registered
[    1.188532] Asymmetric key parser 'x509' registered
[    1.192230] Block layer SCSI generic (bsg) driver version 0.4 loaded (major 246)
[    1.197596] io scheduler noop registered
[    1.200919] io scheduler deadline registered
[    1.204698] io scheduler cfq registered (default)
[    1.208719] ACPI: AC Adapter [AC] (off-line)
[    1.211843] input: Power Button as /devices/LNXSYSTM:00/LNXPWRBN:00/input/input0
[    1.218230] ACPI: Power Button [PWRF]
[    1.221155] input: Sleep Button as /devices/LNXSYSTM:00/LNXSLPBN:00/input/input1
[    1.226845] ACPI: Sleep Button [SLPF]
[    1.230800] ACPI: Battery Slot [BAT0] (battery present)
[    1.235372] Serial: 8250/16550 driver, 32 ports, IRQ sharing enabled
[    1.26534] 00:02: ttyS0 at IO 0x3f8 (irq = 4, base_baud = 115200) is a 16550A
[    1.276406] Linux agpgart interface v0.103
[    1.284930] loop: module loaded
[    1.288889] scsi host0: ata_piix
[    1.291506] scsi host1: ata_piix
[    1.294646] ata1: PATA max UDMA/33 cmd 0x1f0 ctl 0x3f6 bmdma 0xd000 irq 14
[    1.300258] ata2: PATA max UDMA/33 cmd 0x170 ctl 0x376 bmdma 0xd008 irq 15
[    1.305749] libphy: Fixed MDIO Bus: probed
[    1.308805] tun: Universal TUN/TAP device driver, 1.6
[    1.313272] PPP generic driver version 2.4.2
[    1.316472] ehci_hcd: USB 2.0 'Enhanced' Host Controller (EHCI) Driver
[    1.321149] ehci-pci: EHCI PCI platform driver
[    1.324621] ehci-platform: EHCI generic platform driver
[    1.328466] ohci_hcd: USB 1.1 'Open' Host Controller (OHCI) Driver
[    1.332766] ohci-pci: OHCI PCI platform driver
[    1.335957] ohci-platform: OHCI generic platform driver
[    1.340551] uhci_hcd: USB Universal Host Controller Interface driver
[    1.345248] i8042: PNP: PS/2 Controller [PNP0303:PS2K,PNP0f03:PS2M] at 0x60,0x64 irq 1,12
[    1.354482] serio: i8042 KBD port at 0x60,0x64 irq 1
[    1.357718] serio: i8042 AUX port at 0x60,0x64 irq 12
[    1.360989] mousedev: PS/2 mouse device common for all mice
[    1.365820] input: AT Translated Set 2 keyboard as /devices/platform/i8042/serio0/input/input2
[    1.371667] rtc_cmos rtc_cmos: rtc core: registered rtc_cmos as rtc0
[    1.377284] rtc_cmos rtc_cmos: alarms up to one day, 114 bytes nvram
[    1.381737] i2c /dev entries driver
[    1.384247] device-mapper: uevent: version 1.0.3
[    1.387806] device-mapper: ioctl: 4.37.0-ioctl (2017-09-20) initialised: dm-devel@redhat.com
[    1.395282] ledtrig-cpu: registered to indicate activity on CPUs
[    1.400918] NET: Registered protocol family 10
[    1.411005] Segment Routing with IPv6
[    1.414577] NET: Registered protocol family 17
[    1.417884] Key type dns_resolver registered
[    1.420764] mce: Using 0 MCE banks
[    1.422879] RAS: Correctable Errors collector initialized.
[    1.426284] sched_clock: Marking stable (1426239250, 0)->(1996903211, -570663961)
[    1.430992] registered taskstats version 1
[    1.433723] Loading compiled-in X.509 certificates
[    1.439085] Loaded X.509 cert 'Build time autogenerated kernel key: c0b12e93431a85da2633d00ac393f61630080db8'
[    1.447182] zswap: loaded using pool lzo/zbud
[    1.453735] Key type big_key registered
[    1.457175] Key type trusted registered
[    1.461545] Key type encrypted registered
[    1.511918] AppArmor: AppArmor sha1 policy hashing enabled
[    1.517336] ima: No TPM chip found, activating TPM-bypass! (rc=-19)
[    1.521591] ima: Allocated hash algorithm: sha1
[    1.525062] evm: HMAC attrs: 0x1
[    1.527690]   Magic number: 5:572:1007
[    1.531673] rtc_cmos rtc_cmos: setting system clock to 2021-01-11 22:59:15 UTC (1610405955)
[    1.538118] BIOS EDD facility v0.16 2004-Jun-25, 0 devices found
[    1.542581] EDD information not available.
[    1.548050] Freeing unused kernel image memory: 2440K
[    1.560884] Write protecting the kernel read-only data: 20480k
[    1.570670] Freeing unused kernel image memory: 2008K
[    1.576822] Freeing unused kernel image memory: 1868K
[    1.585345] x86/mm: Checked W+X mappings: passed, no W+X pages found.
[    1.591513] x86/mm: Checking user space page tables
[    1.600268] x86/mm: Checked W+X mappings: passed, no W+X pages found.
Loading, please wait...
starting version 237
[    1.691351] e1000: Intel(R) PRO/1000 Network Driver - version 7.3.21-k8-NAPI
[    1.697094] e1000: Copyright (c) 1999-2006 Intel Corporation.
[    1.703328] Fusion MPT base driver 3.04.20
[    1.707245] Copyright (c) 1999-2008 LSI Corporation
[    1.748074] Fusion MPT SPI Host driver 3.04.20
[    1.955154] input: ImExPS/2 Generic Explorer Mouse as /devices/platform/i8042/serio1/input/input4
[    2.440504] e1000 0000:00:03.0 eth0: (PCI:33MHz:32-bit) 02:32:ba:d6:6d:1a
[    2.445363] e1000 0000:00:03.0 eth0: Intel(R) PRO/1000 Network Connection
[    2.452775] mptbase: ioc0: Initiating bringup
[    2.551359] ioc0: LSI53C1030 A0: Capabilities={Initiator}
[    2.833661] scsi host2: ioc0: LSI53C1030 A0, FwRev=00000000h, Ports=1, MaxQ=256, IRQ=20
[    3.013184] scsi 2:0:0:0: Direct-Access     VBOX     HARDDISK         1.0  PQ: 0 ANSI: 5
[    3.021822] scsi target2:0:0: Beginning Domain Validation
[    3.029026] random: fast init done
[    3.035513] scsi target2:0:0: Domain Validation skipping write tests
[    3.041075] scsi target2:0:0: Ending Domain Validation
[    3.045548] scsi target2:0:0: asynchronous
[    3.051418] scsi 2:0:1:0: Direct-Access     VBOX     HARDDISK         1.0  PQ: 0 ANSI: 5
[    3.058351] scsi target2:0:1: Beginning Domain Validation
[    3.149433] scsi target2:0:1: Domain Validation skipping write tests
[    3.154775] scsi target2:0:1: Ending Domain Validation
[    3.166926] scsi target2:0:1: asynchronous
[    3.296649] sd 2:0:0:0: Attached scsi generic sg0 type 0
[    3.302480] sd 2:0:0:0: [sda] 20971520 512-byte logical blocks: (10.7 GB/10.0 GiB)
[    3.308665] random: systemd-udevd: uninitialized urandom read (16 bytes read)
[    3.313820] sd 2:0:1:0: Attached scsi generic sg1 type 0
[    3.319481] sd 2:0:1:0: [sdb] 20480 512-byte logical blocks: (10.5 MB/10.0 MiB)
[    3.325444] sd 2:0:0:0: [sda] Write Protect is off
[    3.336535] sd 2:0:1:0: [sdb] Write Protect is off
[    3.340266] sd 2:0:0:0: [sda] Incomplete mode parameter data
[    3.344342] sd 2:0:0:0: [sda] Assuming drive cache: write through
[    3.348892] random: systemd-udevd: uninitialized urandom read (16 bytes read)
[    3.355145] sd 2:0:1:0: [sdb] Incomplete mode parameter data
[    3.358853] sd 2:0:1:0: [sdb] Assuming drive cache: write through
[    3.372010] random: systemd-udevd: uninitialized urandom read (16 bytes read)
[    3.396440]  sda: sda1
[    3.401454] sd 2:0:0:0: [sda] Attached SCSI disk
[    3.405730] sd 2:0:1:0: [sdb] Attached SCSI disk
[    3.806406] e1000 0000:00:08.0 eth1: (PCI:33MHz:32-bit) 08:00:27:76:6e:e3
[    3.811945] e1000 0000:00:08.0 eth1: Intel(R) PRO/1000 Network Connection
[    3.818771] e1000 0000:00:08.0 enp0s8: renamed from eth1
[    3.827712] e1000 0000:00:03.0 enp0s3: renamed from eth0
Begin: Loading essential drivers ... [    5.864169] raid6: sse2x1   gen() 12136 MB/s
[    5.928344] raid6: sse2x1   xor() 11773 MB/s
[    5.992801] raid6: sse2x2   gen() 19651 MB/s
[    6.048128] raid6: sse2x2   xor() 10366 MB/s
[    6.100330] raid6: sse2x4   gen() 18259 MB/s
[    6.164617] raid6: sse2x4   xor() 13232 MB/s
[    6.168837] raid6: using algorithm sse2x2 gen() 19651 MB/s
[    6.172465] raid6: .... xor() 10366 MB/s, rmw enabled
[    6.176094] raid6: using ssse3x2 recovery algorithm
[    6.181518] xor: measuring software checksum speed
[    6.294086]    prefetch64-sse: 59169.000 MB/sec
[    6.401007]    generic_sse: 57416.000 MB/sec
[    6.404708] xor: using function: prefetch64-sse (59169.000 MB/sec)
[    6.410817] async_tx: api initialized (async)
done.
Begin: Running /scripts/init-premount ... done.
Begin: Mounting root file system ... Begin: Running /scripts/local-top ... done.
Begin: Running /scripts/local-premount ... [    6.468167] Btrfs loaded, crc32c=crc32c-intel
Scanning for Btrfs filesystems
done.
Warning: fsck not present, so skipping root file system
[    6.536713] EXT4-fs (sda1): mounted filesystem with ordered data mode. Opts: (null)
done.
Begin: Running /scripts/local-bottom ... done.
Begin: Running /scripts/init-bottom ... done.
[    6.852673] ip_tables: (C) 2000-2006 Netfilter Core Team
[    6.875129] systemd[1]: systemd 237 running in system mode. (+PAM +AUDIT +SELINUX +IMA +APPARMOR +SMACK +SYSVINIT +UTMP +LIBCRYPTSETUP +GCRYPT +GNUTLS +ACL +XZ +LZ4 +SECCOMP +BLKID +ELFUTILS +KMOD -IDN2 +IDN -PCRE2 default-hierarchy=hybrid)
[    6.890247] systemd[1]: Detected virtualization oracle.
[    6.894973] systemd[1]: Detected architecture x86-64.

Welcome to [1mUbuntu 18.04.5 LTS[0m!

[    6.905226] systemd[1]: Set hostname to <ubuntu-bionic>.
[    7.362479] systemd[1]: Reached target System Time Synchronized.
[[0;32m  OK  [0m] Reached target System Time Synchronized.
[    7.369793] systemd[1]: Created slice System Slice.
[[0;32m  OK  [0m] Created slice System Slice.
[    7.376463] systemd[1]: Listening on LVM2 poll daemon socket.
[[0;32m  OK  [0m] Listening on LVM2 poll daemon socket.
[    7.382809] systemd[1]: Listening on Journal Audit Socket.
[[0;32m  OK  [0m] Listening on Journal Audit Socket.
[    7.389309] systemd[1]: Listening on Journal Socket.
[[0;32m  OK  [0m] Listening on Journal Socket.
[    7.397890] systemd[1]: Starting Create list of required static device nodes for the current kernel...
         Starting Create list of required st…ce nodes for the current kernel...
[[0;32m  OK  [0m] Listening on udev Control Socket.
[[0;32m  OK  [0m] Listening on Network Service Netlink Socket.
         Starting Set the console keyboard layout...
         Mounting Huge Pages File System...
[[0;32m  OK  [0m] Listening on Device-mapper event daemon FIFOs.
         Starting Load Kernel Modules...
[[0;32m  OK  [0m] Created slice User and Session Slice.
[[0;32m  OK  [0m] Listening on Syslog Socket.
[[0;32m  OK  [0m] Listening on LVM2 metadata daemon socket.
         Starting Monitoring of LVM2 mirrors…ng dmeventd or progress polling...
[[0;32m  OK  [0m] Reached target User and Group Name Lookups.
[[0;32m  OK  [0m] Listening on /dev/initctl Compatibility Named Pipe.
[[0;32m  OK  [0m] Reached target Swap.
[[0;32m  OK  [0m] Reached target Slices.
[[0;32m  OK  [0m] Set up automount Arbitrary Executab…rmats File System Automount Point.
[    7.518474] Loading iSCSI transport class v2.0-870.
         Mounting POSIX Message Queue File System...
[[0;32m  OK  [0m] Listening on Journal Socket (/dev/log).
         Starting Journal Service...
[[0;32m  OK  [0m] Listening on udev Kernel Socket.
         Starting udev Coldplug all Devices...
[[0;32m  OK  [0m] Started Forward Password Requests to Wall Directory Watch.
[[0;32m  OK  [0m] Created slice system-serial\x2dgetty.slice.
         Starting Uncomplicated firewall...
[    7.588612] iscsi: registered transport (tcp)
         Mounting Kernel Debug File System...
         Starting Remount Root and Kernel File Systems...
[[0;32m  OK  [0m] Started Create list of required sta…vice nodes for the current kernel.
[[0;32m  OK  [0m] Mounted Huge Pages File System.
[[0;32m  OK  [0m] Mounted POSIX Message Queue File System.
[[0;32m  OK  [0m] Started Uncomplicated firewall.
[[0;32m  OK  [0m] Mounted Kernel Debug File System.
[[0;32m  OK  [0m] Started LVM2 metadata daemon.
         Starting Create Static Device Nodes in /dev...
[[0;32m  OK  [0m] Started Journal Service.
[[0;32m  OK  [0m] Started Set the console keyboard layout.
[[0;32m  OK  [0m] Started Create Static Device Nodes in /dev.
[    7.727780] EXT4-fs (sda1): re-mounted. Opts: (null)
[[0;32m  OK  [0m] Started Remount Root and Kernel File Systems.
         Starting Flush Journal to Persistent Storage...
         Starting Load/Save Random Seed...
[    7.771832] iscsi: registered transport (iser)
         Starting udev Kernel Device Manager...
[[0;32m  OK  [0m] Started Load Kernel Modules.
[[0;32m  OK  [0m] Started Monitoring of LVM2 mirrors,…sing dmeventd or progress polling.
[[0;32m  OK  [0m] Started udev Coldplug all Devices.
[[0;32m  OK  [0m] Started Load/Save Random Seed.
[    7.833174] systemd-journald[386]: Received request to flush runtime journal from PID 1
[[0;32m  OK  [0m] Reached target Local File Systems (Pre).
[[0;32m  OK  [0m] Reached target Local File Systems.
         Starting Tell Plymouth To Write Out Runtime Data...
         Starting AppArmor initialization...
         Starting Set console font and keymap...
         Starting ebtables ruleset management...
         Mounting /vagrant...
         Mounting FUSE Control File System...
         Mounting Kernel Configuration File System...
         Starting Apply Kernel Variables...
[[0;32m  OK  [0m] Started udev Kernel Device Manager.
[[0;32m  OK  [0m] Started Tell Plymouth To Write Out Runtime Data.
[[0;32m  OK  [0m] Started Set console font and keymap.
[[0;32m  OK  [0m] Mounted FUSE Control File System.
[[0;32m  OK  [0m] Mounted Kernel Configuration File System.
[[0;32m  OK  [0m] Started Dispatch Password Requests to Console Directory Watch.
[[0;32m  OK  [0m] Reached target Local Encrypted Volumes.
[[0;32m  OK  [0m] Started Apply Kernel Variables.
[[0;32m  OK  [0m] Mounted /vagrant.
[[0;32m  OK  [0m] Started Flush Journal to Persistent Storage.
         Starting Create Volatile Files and Directories...
[[0;32m  OK  [0m] Started ebtables ruleset management.
[[0;32m  OK  [0m] Started Create Volatile Files and Directories.
         Starting Update UTMP about System Boot/Shutdown...
[[0;32m  OK  [0m] Started Update UTMP about System Boot/Shutdown.
[[0;32m  OK  [0m] Found device /dev/ttyS0.
[[0;32m  OK  [0m] Started AppArmor initialization.
         Starting Load AppArmor profiles managed internally by snapd...
         Starting Initial cloud-init job (pre-networking)...
[[0;32m  OK  [0m] Started Load AppArmor profiles managed internally by snapd.
[[0;32m  OK  [0m] Listening on Load/Save RF Kill Switch Status /dev/rfkill Watch.
[   10.145972] cloud-init[512]: Cloud-init v. 20.4-0ubuntu1~18.04.1 running 'init-local' at Mon, 11 Jan 2021 22:59:23 +0000. Up 9.99 seconds.
[[0;32m  OK  [0m] Started Initial cloud-init job (pre-networking).
[[0;32m  OK  [0m] Reached target Network (Pre).
         Starting Network Service...
[[0;32m  OK  [0m] Started Network Service.
         Starting Wait for Network to be Configured...
         Starting Network Name Resolution...
[[0;32m  OK  [0m] Started Network Name Resolution.
[[0;32m  OK  [0m] Reached target Network.
[[0;32m  OK  [0m] Reached target Host and Network Name Lookups.
[[0;32m  OK  [0m] Started Wait for Network to be Configured.
         Starting Initial cloud-init job (metadata service crawler)...
[   11.949863] cloud-init[617]: Cloud-init v. 20.4-0ubuntu1~18.04.1 running 'init' at Mon, 11 Jan 2021 22:59:25 +0000. Up 11.83 seconds.
[   11.968546] cloud-init[617]: ci-info: ++++++++++++++++++++++++++++++++++++++Net device info+++++++++++++++++++++++++++++++++++++++
[   11.974993] cloud-init[617]: ci-info: +--------+------+-----------------------------+---------------+--------+-------------------+
[   11.984637] cloud-init[617]: ci-info: | Device |  Up  |           Address           |      Mask     | Scope  |     Hw-Address    |
[   12.008469] cloud-init[617]: ci-info: +--------+------+-----------------------------+---------------+--------+-------------------+
[   12.014921] cloud-init[617]: ci-info: | enp0s3 | True |          10.0.2.15          | 255.255.255.0 | global | 02:32:ba:d6:6d:1a |
[   12.036360] cloud-init[617]: ci-info: | enp0s3 | True |  fe80::32:baff:fed6:6d1a/64 |       .       |  link  | 02:32:ba:d6:6d:1a |
[   12.056427] cloud-init[617]: ci-info: | enp0s8 | True |         192.168.0.9         | 255.255.255.0 | global | 08:00:27:76:6e:e3 |
[   12.061040] cloud-init[617]: ci-info: | enp0s8 | True | fe80::a00:27ff:fe76:6ee3/64 |       .       |  link  | 08:00:27:76:6e:e3 |
[   12.076437] cloud-init[617]: ci-info: |   lo   | True |          127.0.0.1          |   255.0.0.0   |  host  |         .         |
[   12.092445] cloud-init[617]: ci-info: |   lo   | True |           ::1/128           |       .       |  host  |         .         |
[   12.097678] cloud-init[617]: ci-info: +--------+------+-----------------------------+---------------+--------+-------------------+
[   12.117765] cloud-init[617]: ci-info: ++++++++++++++++++++++++++++Route IPv4 info+++++++++++++++++++++++++++++
[   12.135281] cloud-init[617]: ci-info: +-------+-------------+----------+-----------------+-----------+-------+
[   12.158419] cloud-init[617]: ci-info: | Route | Destination | Gateway  |     Genmask     | Interface | Flags |
[   12.174862] cloud-init[617]: ci-info: +-------+-------------+----------+-----------------+-----------+-------+
[   12.192832] cloud-init[617]: ci-info: |   0   |   0.0.0.0   | 10.0.2.2 |     0.0.0.0     |   enp0s3  |   UG  |
[   12.197666] cloud-init[617]: ci-info: |   1   |   10.0.2.0  | 0.0.0.0  |  255.255.255.0  |   enp0s3  |   U   |
[   12.213470] cloud-init[617]: ci-info: |   2   |   10.0.2.2  | 0.0.0.0  | 255.255.255.255 |   enp0s3  |   UH  |
[[0;32m  OK  [0m] Started Initial cloud-init job (metadata service crawler).
[[0;32m  OK  [0m] Reached target Network is Online.
[   12.235040]          Starting Availability of block devices...
[[0;32m  OK  [0m] Reached target Remote File Systems (Pre).
cloud-init[617]: ci-info: |   3   | 192.168.0.0 | 0.0.0.0  |  255.255.255.0  |   enp0s8  |   U   |[[0;32m  OK  [0m] Reached target Remote File Systems.
[[0;32m  OK  [0m] Reached target Cloud-config availability.
[[0;32m  OK  [0m] Reached target System Initialization.
[[0;32m  OK  [0m] Listening on Open-iSCSI iscsid Socket.

[   12.258344] cloud-init[617]: [[0;32m  OK  [0m] Listening on UUID daemon activation socket.
[[0;32m  OK  [0m] Started Daily apt download activities.
ci-info: +-------+-------------+----------+-----------------+-----------+-------+
[[0;32m  OK  [0m] Started Daily apt upgrade and clean activities.
[[0;32m  OK  [0m] Listening on ACPID Listen Socket.[   12.277972] cloud-init[617]: ci-info: +++++++++++++++++++Route IPv6 info+++++++++++++++++++
[[0;32m  OK  [0m] Started ACPI Events Check.
[[0;32m  OK  [0m] Reached target Paths.
[[0;32m  OK  [0m] Listening on D-Bus System Message Bus Socket.
[[0;32m  OK  [0m] Started Discard unused blocks once a week.

         [   12.305956] cloud-init[617]: Starting LXD - unix socket.
[[0;32m  OK  [0m] Started Daily Cleanup of Temporary Directories.
ci-info: +-------+-------------+---------+-----------+-------+
[   12.328807] cloud-init[617]: ci-info: | Route | Destination | Gateway | Interface | Flags |[[0;32m  OK  [0m] Started Message of the Day.
[[0;32m  OK  [0m] Reached target Timers.
         Starting Socket activation for snappy daemon.
[   12.337627] cloud-init[617]: ci-info: +-------+-------------+---------+-----------+-------+
[[0;32m  OK  [0m] Started Availability of block devices.
[[0;32m  OK  [0m] Listening on LXD - unix socket.
[[0;32m  OK  [0m] Listening on Socket activation for snappy daemon.

[[0;32m  OK  [0m] Reached target Sockets.
[[0;32m  OK  [0m] Reached target Basic System.
[   12.366536] cloud-init[617]: [[0;32m  OK  [0m] Started FUSE filesystem for LXC.
ci-info: |   1   |  fe80::/64  |    ::   |   enp0s8  |   U   |         Starting LSB: Record successful boot for GRUB...
         Starting Login Service...

[   12.413488] cloud-init[617]: ci-info: |   2   |  fe80::/64  |    ::   |   enp0s3  |   U   |[[0;32m  OK  [0m] Started Deferred execution scheduler.

[   12.429544]          Starting OpenBSD Secure Shell server...
cloud-init[617]: ci-info: |   4   |    local    |    ::   |   enp0s3  |   U   |         Starting System Logging Service...
         Starting Permit User Sessions...
         Starting Accounts Service...

[   12.463735] cloud-init[617]: ci-info: |   5   |    local    |    ::   |   enp0s8  |   U   |
[   12.475014] cloud-init[617]: ci-info: |   6   |   ff00::/8  |    ::   |   enp0s8  |   U   |
[   12.486714] cloud-init[617]: ci-info: |   7   |   ff00::/8  |    ::   |   enp0s3  |   U   |
[   12.502214] cloud-init[617]: ci-info: +-------+-------------+---------+-----------+-------+
[[0;32m  OK  [0m] Started Regular background program processing daemon.
         Starting Dispatcher daemon for systemd-networkd...
[[0;32m  OK  [0m] Started irqbalance daemon.
[[0;32m  OK  [0m] Started D-Bus System Message Bus.
[[0;32m  OK  [0m] Started Login Service.
[[0;32m  OK  [0m] Started Unattended Upgrades Shutdown.
         Starting LSB: automatic crash report generation...
         Starting Virtualbox guest utils...
         Starting Snap Daemon...
         Starting LXD - container startup/shutdown...
[[0;32m  OK  [0m] Started System Logging Service.
[[0;32m  OK  [0m] Started Permit User Sessions.
[[0;32m  OK  [0m] Started OpenBSD Secure Shell server.
         Starting Authorization Manager...
         Starting Hold until boot process finishes up...
         Starting Terminate Plymouth Boot Screen...
[[0;32m  OK  [0m] Started Hold until boot process finishes up.
[[0;32m  OK  [0m] Started Terminate Plymouth Boot Screen.
[[0;32m  OK  [0m] Started Serial Getty on ttyS0.
         Starting Set console scheme...
[[0;32m  OK  [0m] Started LSB: automatic crash report generation.
[[0;32m  OK  [0m] Started Set console scheme.
[[0;32m  OK  [0m] Created slice system-getty.slice.
[[0;32m  OK  [0m] Started Getty on tty1.
[[0;32m  OK  [0m] Reached target Login Prompts.
[[0;32m  OK  [0m] Started Authorization Manager.
[[0;32m  OK  [0m] Started Accounts Service.
[[0;32m  OK  [0m] Started Dispatcher daemon for systemd-networkd.
[[0;32m  OK  [0m] Started LSB: Record successful boot for GRUB.
[[0;32m  OK  [0m] Started Virtualbox guest utils.
[[0;32m  OK  [0m] Started LXD - container startup/shutdown.
[[0;32m  OK  [0m] Started Snap Daemon.
         Starting Wait until snapd is fully seeded...
[[0;32m  OK  [0m] Started Wait until snapd is fully seeded.
         Starting Apply the settings specified in cloud-config...
[[0;32m  OK  [0m] Reached target Multi-User System.
[[0;32m  OK  [0m] Reached target Graphical Interface.
         Starting Update UTMP about System Runlevel Changes...
[[0;32m  OK  [0m] Started Update UTMP about System Runlevel Changes.
[   14.641646] cloud-init[948]: Cloud-init v. 20.4-0ubuntu1~18.04.1 running 'modules:config' at Mon, 11 Jan 2021 22:59:28 +0000. Up 14.51 seconds.
[[0;32m  OK  [0m] Started Apply the settings specified in cloud-config.
         Starting Execute cloud user/final scripts...
[   15.195024] cloud-init[980]: Cloud-init v. 20.4-0ubuntu1~18.04.1 running 'modules:final' at Mon, 11 Jan 2021 22:59:29 +0000. Up 15.07 seconds.
[   15.220451] cloud-init[980]: Cloud-init v. 20.4-0ubuntu1~18.04.1 finished at Mon, 11 Jan 2021 22:59:29 +0000. Datasource DataSourceNoCloud [seed=/dev/sdb][dsmode=net].  Up 15.17 seconds
[[0;32m  OK  [0m] Started Execute cloud user/final scripts.
[[0;32m  OK  [0m] Reached target Cloud-init target.

Ubuntu 18.04.5 LTS ubuntu-bionic ttyS0

ubuntu-bionic login: [[0;32m  OK  [0m] Stopped Unattended Upgrades Shutdown.
[[0;32m  OK  [0m] St[[0;32m  OK  [0m] Stopped Unattended Upgrades Shutdown.
         Stopping Authorization Manager...
         Unmounting /vagrant...
[[0;32m  OK  [0m] Stopped target Graphical Interface.
         Stopping User Manager for UID 1000...
         Stopping Session 4 of user vagrant.
[[0;32m  OK  [0m] Stopped target Cloud-init target.
[[0;32m  OK  [0m] Stopped Execute cloud user/final scripts.
[[0;32m  OK  [0m] Stopped Apply the settings specified in cloud-config.
[[0;32m[[0;32m  OK  [0m] Stopped Unattended Upgrades Shutdown.
[[0;32m  OK  [0m] Stopped target Graphical Interface.
         Unmounting /configs...
         Unmounting /tmp/vagrant-puppet/mani…987fd5f72c17d54c08031a1c4913b39...
         Stopping Authorization Manager...
         Stopping Accounts Service...
[[0;32m  OK  [0m] Closed Load/Save RF Kill Switch Status /dev/rfkill Watch.
         Stopping Session 5 of user vagrant.
         Unmounting /vagrant...
[[0;32m  OK  [0m] Stopped target Timers.
[[0;32m  OK  [0m] Stopped Message of the Day.
[[0;32m  OK  [0m] Stopped Daily apt upgrade and clean activities.
[[0;32m  OK  [0m] Stopped Discard unused blocks once a week.
[[0;32m  OK  [0m] Stopped Daily Cleanup of Temporary Directories.
[[0;32m  OK  [0m] Stopped Daily apt download activities.
[[0;32m  OK  [0m] Stopped target Cloud-init target.
[[0;32m  OK  [0m] Stopped Execute cloud user/final scripts.
[[0;32m  OK  [0m] Stopped target Multi-User System.
         Stopping LXD - container startup/shutdown...
         Stopping The Apache HTTP Server...
         Stopping FUSE filesystem for LXC...
         Stopping System Logging Service...
         Stopping Deferred execution scheduler...
[[0;32m  OK  [0m] Stopped target Login Prompts.
         Stopping Serial Getty on ttyS0...
         Stopping Getty on tty1...
         Stopping Dispatcher daemon for systemd-networkd...
         Stopping LSB: Record successful boot for GRUB...
         Stopping LSB: automatic crash report generation...
         Stopping Virtualbox guest utils...
[[0;32m  OK  [0m] Stopped Apply the settings specified in cloud-config.
[[0;32m  OK  [0m] Stopped Wait until snapd is fully seeded.
[[0;32m  OK  [0m] Stopped target Cloud-config availability.
[[0;32m  OK  [0m] Stopped target Network is Online.
         Stopping OpenBSD Secure Shell server...
         Stopping D-Bus System Message Bus...
[[0;32m  OK  [0m] Stopped Clean PHP session files every 30 mins.
[[0;32m  OK  [0m] Stopped target System Time Synchronized.
         Stopping User Manager for UID 1000...
         Stopping Regular background program processing daemon...
         Stopping Availability of block devices...
[[0;32m  OK  [0m] Unmounted /var/lib/lxcfs.
[[0;32m  OK  [0m] Stopped System Logging Service.
[[0;32m  OK  [0m] Stopped Accounts Service.
[[0;32m  OK  [0m] Stopped Regular background program processing daemon.
[[0;32m  OK  [0m] Stopped Dispatcher daemon for systemd-networkd.
[[0;32m  OK  [0m] Stopped Deferred execution scheduler.
[[0;32m  OK  [0m] Stopped OpenBSD Secure Shell server.
[[0;32m  OK  [0m] Stopped Authorization Manager.
[[0;32m  OK  [0m] Stopped Serial Getty on ttyS0.
[[0;32m  OK  [0m] Stopped Getty on tty1.
[[0;32m  OK  [0m] Stopped User Manager for UID 1000.
[[0;32m  OK  [0m] Unmounted /tmp/vagrant-puppet/manif…-1987fd5f72c17d54c08031a1c4913b39.
[[0;32m  OK  [0m] Stopped The Apache HTTP Server.
[[0;32m  OK  [0m] Stopped D-Bus System Message Bus.
[[0;32m  OK  [0m] Stopped Availability of block devices.
[[0;32m  OK  [0m] Stopped FUSE filesystem for LXC.
[[0;32m  OK  [0m] Unmounted /configs.
[[0;32m  OK  [0m] Unmounted /vagrant.
[[0;32m  OK  [0m] Stopped Session 5 of user vagrant.
[[0;32m  OK  [0m] Stopped target Host and Network Name Lookups.
[[0;32m  OK  [0m] Removed slice User Slice of vagrant.
         Stopping Login Service...
[[0;32m  OK  [0m] Removed slice system-getty.slice.
[[0;32m  OK  [0m] Removed slice system-serial\x2dgetty.slice.
         Stopping Permit User Sessions...
[[0;32m  OK  [0m] Stopped Login Service.
[[0;32m  OK  [0m] Stopped Permit User Sessions.
[[0;32m  OK  [0m] Stopped target Network.
         Stopping Network Name Resolution...
[[0;32m  OK  [0m] Stopped target User and Group Name Lookups.
[[0;32m  OK  [0m] Stopped LXD - container startup/shutdown.
[[0;32m  OK  [0m] Stopped Network Name Resolution.
         Stopping Network Service...
[[0;32m  OK  [0m] Stopped LSB: Record successful boot for GRUB.
[[0;32m  OK  [0m] Stopped LSB: automatic crash report generation.
[[0;32m  OK  [0m] Stopped target Remote File Systems.
[[0;32m  OK  [0m] Stopped target Remote File Systems (Pre).
[[0;32m  OK  [0m] Stopped Virtualbox guest utils.
[[0;32m  OK  [0m] Stopped target Basic System.
[[0;32m  OK  [0m] Stopped target Paths.
[[0;32m  OK  [0m] Stopped ACPI Events Check.
[[0;32m  OK  [0m] Stopped target Slices.
[[0;32m  OK  [0m] Removed slice User and Session Slice.
[[0;32m  OK  [0m] Stopped target Sockets.
[[0;32m  OK  [0m] Closed ACPID Listen Socket.
[[0;32m  OK  [0m] Closed Open-iSCSI iscsid Socket.
[[0;32m  OK  [0m] Closed Socket activation for snappy daemon.
[[0;32m  OK  [0m] Closed LXD - unix socket.
[[0;32m  OK  [0m] Closed Syslog Socket.
[[0;32m  OK  [0m] Closed UUID daemon activation socket.
[[0;32m  OK  [0m] Closed D-Bus System Message Bus Socket.
[[0;32m  OK  [0m] Stopped target System Initialization.
         Stopping Load/Save Random Seed...
         Stopping Update UTMP about System Boot/Shutdown...
[[0;32m  OK  [0m] Stopped target Local Encrypted Volumes.
[[0;32m  OK  [0m] Stopped Forward Password Requests to Wall Directory Watch.
[[0;32m  OK  [0m] Stopped Dispatch Password Requests to Console Directory Watch.
[[0;32m  OK  [0m] Stopped Initial cloud-init job (metadata service crawler).
[[0;32m  OK  [0m] Stopped Network Service.
[[0;32m  OK  [0m] Stopped Load/Save Random Seed.
[[0;32m  OK  [0m] Stopped Update UTMP about System Boot/Shutdown.
[[0;32m  OK  [0m] Stopped Create Volatile Files and Directories.
[[0;32m  OK  [0m] Stopped target Local File Systems.
         Unmounting /run/user/1000...
[[0;32m  OK  [0m] Stopped Apply Kernel Variables.
[[0;32m  OK  [0m] Stopped Load Kernel Modules.
[[0;32m  OK  [0m] Stopped target Network (Pre).
[[0;32m  OK  [0m] Stopped Initial cloud-init job (pre-networking).
[[0;32m  OK  [0m] Unmounted /run/user/1000.
[[0;32m  OK  [0m] Reached target Unmount All Filesystems.
[[0;32m  OK  [0m] Stopped target Local File Systems (Pre).
[[0;32m  OK  [0m] Stopped Remount Root and Kernel File Systems.
[[0;32m  OK  [0m] Stopped Create Static Device Nodes in /dev.
         Stopping Monitoring of LVM2 mirrors…ng dmeventd or progress polling...
[[0;32m  OK  [0m] Stopped target Swap.
[[0;32m  OK  [0m] Reached target Shutdown.
[[0;32m  OK  [0m] Reached target Final Step.
         Starting Power-Off...
[[0;32m  OK  [0m] Stopped Monitoring of LVM2 mirrors,…sing dmeventd or progress polling.
         Stopping LVM2 metadata daemon...
[[0;32m  OK  [0m] Stopped LVM2 metadata daemon.
[ 2168.897269] reboot: Power down
